<?xml version="1.0" encoding="UTF-8"?>
<!-- Generated by org.testng.reporters.JUnitReportReporter -->
<testsuite hostname="LAPTOP-SABMBR64" failures="0" tests="1" name="TestRunner.TestRunner" time="8.556" errors="0" timestamp="2020-12-21T20:42:21 IST" skipped="0">
  <testcase classname="TestRunner.TestRunner" name="feature" time="8.556"/>
  <system-out/>
</testsuite> <!-- TestRunner.TestRunner -->
